<?xml version="1.0" encoding="UTF-8"?>
<!-- Generated by org.testng.reporters.JUnitXMLReporter -->
<testsuite hostname="Sanjeevkumar" name="TestCases" tests="5" failures="0" timestamp="11 Jul 2019 16:28:08 GMT" time="82.588" errors="0">
  <testcase name="LoginTest" time="8.735" classname="com.FirstMaven.TestCases.TC_LoginTest_001"/>
  <testcase name="Login_DDT" time="6.409" classname="com.FirstMaven.TestCases.TC_LoginTest_002"/>
  <testcase name="Login_DDT" time="4.492" classname="com.FirstMaven.TestCases.TC_LoginTest_002"/>
  <testcase name="Login_DDT" time="5.419" classname="com.FirstMaven.TestCases.TC_LoginTest_002"/>
  <testcase name="Login_DDT" time="9.782" classname="com.FirstMaven.TestCases.TC_LoginTest_002"/>
</testsuite> <!-- TestCases -->
