<?xml version="1.0" encoding="UTF-8"?>
<!-- Generated by org.testng.reporters.JUnitXMLReporter -->
<testsuite hostname="Sanjeevkumar" ignored="0" name="TestCases" tests="5" failures="0" timestamp="17 Jul 2019 02:30:54 GMT" time="56.718" errors="0">
  <testcase name="LoginTest" time="8.045" classname="com.FirstMaven.TestCases.TC_LoginTest_001"/>
  <testcase name="Login_DDT" time="5.138" classname="com.FirstMaven.TestCases.TC_LoginTest_002"/>
  <testcase name="Login_DDT" time="3.369" classname="com.FirstMaven.TestCases.TC_LoginTest_002"/>
  <testcase name="Login_DDT" time="3.22" classname="com.FirstMaven.TestCases.TC_LoginTest_002"/>
  <testcase name="Login_DDT" time="4.794" classname="com.FirstMaven.TestCases.TC_LoginTest_002"/>
</testsuite> <!-- TestCases -->
